<?xml version="1.0" encoding="UTF-8"?>
<!-- Generated by org.testng.reporters.JUnitXMLReporter -->
<testsuite hostname="MSI" failures="0" tests="4" name="Test" time="0.077" errors="0" timestamp="1 Feb 2023 18:24:43 GMT">
  <testcase classname="com.dvops.maven.eclipse.NewTest" name="@BeforeTest beforeTest" time="0.0">
    <failure type="java.lang.IllegalStateException" message="The driver executable must exist: C:\Program Files\Google\Chrome\chromedriver.exe">
      <![CDATA[java.lang.IllegalStateException: The driver executable must exist: C:\Program Files\Google\Chrome\chromedriver.exe
	at org.openqa.selenium.internal.Require$FileStateChecker.isFile(Require.java:342)
	at org.openqa.selenium.remote.service.DriverService.checkExecutable(DriverService.java:147)
	at org.openqa.selenium.remote.service.DriverService.findExecutable(DriverService.java:142)
	at org.openqa.selenium.chrome.ChromeDriverService.access$000(ChromeDriverService.java:39)
	at org.openqa.selenium.chrome.ChromeDriverService$Builder.findDefaultExecutable(ChromeDriverService.java:233)
	at org.openqa.selenium.remote.service.DriverService$Builder.build(DriverService.java:437)
	at org.openqa.selenium.chrome.ChromeDriverService.createDefaultService(ChromeDriverService.java:128)
	at org.openqa.selenium.chrome.ChromeDriver.<init>(ChromeDriver.java:49)
	at com.dvops.maven.eclipse.NewTest.beforeTest(NewTest.java:63)
... Removed 22 stack frames]]>
    </failure>
  </testcase> <!-- @BeforeTest beforeTest -->
  <testcase classname="com.dvops.maven.eclipse.NewTest" name="@AfterTest afterTest" time="0.0">
    <skipped/>
  </testcase> <!-- @AfterTest afterTest -->
  <testcase classname="com.dvops.maven.eclipse.NewTest" name="checkItem" time="0.001">
    <skipped/>
  </testcase> <!-- checkItem -->
  <testcase classname="com.dvops.maven.eclipse.NewTest" name="checkLogin" time="0.001">
    <skipped/>
  </testcase> <!-- checkLogin -->
  <testcase classname="com.dvops.maven.eclipse.NewTest" name="checkRegister" time="0.001">
    <skipped/>
  </testcase> <!-- checkRegister -->
  <testcase classname="com.dvops.maven.eclipse.NewTest" name="checkUser" time="0.0">
    <skipped/>
  </testcase> <!-- checkUser -->
</testsuite> <!-- Test -->
