<?xml version="1.0" encoding="UTF-8"?>
<!-- Generated by org.testng.reporters.JUnitXMLReporter -->
<testsuite hostname="ColdWhite" failures="0" tests="3" name="Default test" time="4.771" errors="0" timestamp="31 Jan 2023 19:21:23 GMT">
  <testcase classname="com.dvops.maven.eclipse.NewTest" name="checkItem" time="1.388"/>
  <testcase classname="com.dvops.maven.eclipse.NewTest" name="checkLogin" time="0.474"/>
  <testcase classname="com.dvops.maven.eclipse.NewTest" name="checkRegister" time="0.738"/>
</testsuite> <!-- Default test -->
