<?xml version="1.0" encoding="UTF-8"?>
<testng-results total="3" passed="3" failed="0" skipped="0">
  <reporter-output>
  </reporter-output>
  <suite started-at="2023-02-01T19:03:10Z" name="Default suite" finished-at="2023-02-01T19:03:14Z" duration-ms="3799">
    <groups>
    </groups>
    <test started-at="2023-02-01T19:03:10Z" name="Default test" finished-at="2023-02-01T19:03:14Z" duration-ms="3799">
      <class name="com.dvops.maven.eclipse.NewTest">
        <test-method is-config="true" signature="beforeTest()[pri:0, instance:com.dvops.maven.eclipse.NewTest@5c44c582]" started-at="2023-02-02T03:03:10Z" name="beforeTest" finished-at="2023-02-02T03:03:11Z" duration-ms="1161" status="PASS">
          <reporter-output>
          </reporter-output>
        </test-method> <!-- beforeTest -->
        <test-method signature="checkItem()[pri:0, instance:com.dvops.maven.eclipse.NewTest@5c44c582]" started-at="2023-02-02T03:03:11Z" name="checkItem" finished-at="2023-02-02T03:03:13Z" duration-ms="1503" status="PASS">
          <reporter-output>
          </reporter-output>
        </test-method> <!-- checkItem -->
        <test-method signature="checkLogin()[pri:0, instance:com.dvops.maven.eclipse.NewTest@5c44c582]" started-at="2023-02-02T03:03:13Z" name="checkLogin" finished-at="2023-02-02T03:03:13Z" duration-ms="386" status="PASS">
          <reporter-output>
          </reporter-output>
        </test-method> <!-- checkLogin -->
        <test-method signature="checkRegister()[pri:0, instance:com.dvops.maven.eclipse.NewTest@5c44c582]" started-at="2023-02-02T03:03:13Z" name="checkRegister" finished-at="2023-02-02T03:03:14Z" duration-ms="617" status="PASS">
          <reporter-output>
          </reporter-output>
        </test-method> <!-- checkRegister -->
        <test-method is-config="true" signature="afterTest()[pri:0, instance:com.dvops.maven.eclipse.NewTest@5c44c582]" started-at="2023-02-02T03:03:14Z" name="afterTest" finished-at="2023-02-02T03:03:14Z" duration-ms="121" status="PASS">
          <reporter-output>
          </reporter-output>
        </test-method> <!-- afterTest -->
      </class> <!-- com.dvops.maven.eclipse.NewTest -->
    </test> <!-- Default test -->
  </suite> <!-- Default suite -->
</testng-results>
